<?xml version="1.0" encoding="UTF-8"?>
<testng-results ignored="1" total="2" passed="1" failed="0" skipped="0">
  <reporter-output>
  </reporter-output>
  <suite started-at="2022-09-22T14:29:36 MSK" name="Surefire suite" finished-at="2022-09-22T14:30:00 MSK" duration-ms="23785">
    <groups>
    </groups>
    <test started-at="2022-09-22T14:29:36 MSK" name="Surefire test" finished-at="2022-09-22T14:30:00 MSK" duration-ms="23785">
      <class name="Lecture8.Lecture8_1">
        <test-method is-config="true" signature="setUp()[pri:0, instance:Lecture8.Lecture8_1@d29f28]" started-at="2022-09-22T14:29:36 MSK" name="setUp" finished-at="2022-09-22T14:29:38 MSK" duration-ms="2415" status="PASS">
          <reporter-output>
          </reporter-output>
        </test-method> <!-- setUp -->
        <test-method signature="login1withProperty()[pri:0, instance:Lecture8.Lecture8_1@d29f28]" started-at="2022-09-22T14:29:38 MSK" name="login1withProperty" finished-at="2022-09-22T14:29:59 MSK" duration-ms="21121" status="PASS">
          <reporter-output>
          </reporter-output>
        </test-method> <!-- login1withProperty -->
        <test-method is-config="true" signature="stop()[pri:0, instance:Lecture8.Lecture8_1@d29f28]" started-at="2022-09-22T14:30:00 MSK" name="stop" finished-at="2022-09-22T14:30:00 MSK" duration-ms="202" status="PASS">
          <reporter-output>
          </reporter-output>
        </test-method> <!-- stop -->
      </class> <!-- Lecture8.Lecture8_1 -->
    </test> <!-- Surefire test -->
  </suite> <!-- Surefire suite -->
</testng-results>
